<?xml version="1.0" encoding="UTF-8"?>
<!-- Generated by org.testng.reporters.JUnitReportReporter -->
<testsuite hostname="DESKTOP-9FLN0R0" failures="0" tests="1" name="testpackage.FirstTestClass" time="0.000" errors="0" timestamp="02 Jan 2018 06:10:04 GMT" skipped="0">
  <testcase classname="testpackage.FirstTestClass" name="testlogin" time="0.000"/>
</testsuite> <!-- testpackage.FirstTestClass -->
